<?xml version="1.0" encoding="UTF-8"?>
<testng-results ignored="0" total="1" passed="0" failed="1" skipped="0">
  <reporter-output>
  </reporter-output>
  <suite started-at="2022-12-10T09:07:39 IST" name="Suite" finished-at="2022-12-10T09:08:50 IST" duration-ms="70616">
    <groups>
    </groups>
    <test started-at="2022-12-10T09:07:39 IST" name="Test" finished-at="2022-12-10T09:08:50 IST" duration-ms="70616">
      <class name="com.qa.testscripts.GoogleSearch">
        <test-method is-config="true" signature="main(java.lang.String,java.lang.String)[pri:0, instance:com.qa.testscripts.GoogleSearch@1e683a3e]" started-at="2022-12-10T09:07:40 IST" name="main" finished-at="2022-12-10T09:08:45 IST" duration-ms="64968" status="PASS">
          <params>
            <param index="0">
              <value>
                <![CDATA[chrome]]>
              </value>
            </param>
            <param index="1">
              <value>
                <![CDATA[https://www.google.com/]]>
              </value>
            </param>
          </params>
          <reporter-output>
          </reporter-output>
        </test-method> <!-- main -->
        <test-method signature="search()[pri:0, instance:com.qa.testscripts.GoogleSearch@1e683a3e]" started-at="2022-12-10T09:08:45 IST" name="search" finished-at="2022-12-10T09:08:45 IST" duration-ms="363" status="FAIL">
          <exception class="java.lang.ClassCastException">
            <message>
              <![CDATA[class jdk.proxy2.$Proxy13 cannot be cast to class java.util.List (jdk.proxy2.$Proxy13 is in module jdk.proxy2 of loader 'app'; java.util.List is in module java.base of loader 'bootstrap')]]>
            </message>
            <full-stacktrace>
              <![CDATA[java.lang.ClassCastException: class jdk.proxy2.$Proxy13 cannot be cast to class java.util.List (jdk.proxy2.$Proxy13 is in module jdk.proxy2 of loader 'app'; java.util.List is in module java.base of loader 'bootstrap')
at com.qa.testscripts.GoogleSearch.search(GoogleSearch.java:21)
at java.base/jdk.internal.reflect.NativeMethodAccessorImpl.invoke0(Native Method)
at java.base/jdk.internal.reflect.NativeMethodAccessorImpl.invoke(NativeMethodAccessorImpl.java:77)
at java.base/jdk.internal.reflect.DelegatingMethodAccessorImpl.invoke(DelegatingMethodAccessorImpl.java:43)
at java.base/java.lang.reflect.Method.invoke(Method.java:568)
at org.testng.internal.MethodInvocationHelper.invokeMethod(MethodInvocationHelper.java:133)
at org.testng.internal.TestInvoker.invokeMethod(TestInvoker.java:598)
at org.testng.internal.TestInvoker.invokeTestMethod(TestInvoker.java:173)
at org.testng.internal.MethodRunner.runInSequence(MethodRunner.java:46)
at org.testng.internal.TestInvoker$MethodInvocationAgent.invoke(TestInvoker.java:824)
at org.testng.internal.TestInvoker.invokeTestMethods(TestInvoker.java:146)
at org.testng.internal.TestMethodWorker.invokeTestMethods(TestMethodWorker.java:146)
at org.testng.internal.TestMethodWorker.run(TestMethodWorker.java:128)
at java.base/java.util.concurrent.ThreadPoolExecutor.runWorker(ThreadPoolExecutor.java:1136)
at java.base/java.util.concurrent.ThreadPoolExecutor$Worker.run(ThreadPoolExecutor.java:635)
at java.base/java.lang.Thread.run(Thread.java:833)
]]>
            </full-stacktrace>
          </exception> <!-- java.lang.ClassCastException -->
          <reporter-output>
          </reporter-output>
        </test-method> <!-- search -->
        <test-method is-config="true" signature="teardown()[pri:0, instance:com.qa.testscripts.GoogleSearch@1e683a3e]" started-at="2022-12-10T09:08:45 IST" name="teardown" finished-at="2022-12-10T09:08:50 IST" duration-ms="5234" status="PASS">
          <reporter-output>
          </reporter-output>
        </test-method> <!-- teardown -->
      </class> <!-- com.qa.testscripts.GoogleSearch -->
    </test> <!-- Test -->
  </suite> <!-- Suite -->
</testng-results>
