<?xml version="1.0" encoding="UTF-8"?>
<!-- Generated by org.testng.reporters.JUnitXMLReporter -->
<testsuite ignored="0" hostname="DESKTOP-9G17K5G" failures="1" tests="1" name="Test" time="70.616" errors="0" timestamp="2022-12-10T09:08:50 IST">
  <testcase classname="com.qa.testscripts.GoogleSearch" name="search" time="0.363">
    <failure type="java.lang.ClassCastException" message="class jdk.proxy2.$Proxy13 cannot be cast to class java.util.List (jdk.proxy2.$Proxy13 is in module jdk.proxy2 of loader &amp;apos;app&amp;apos;; java.util.List is in module java.base of loader &amp;apos;bootstrap&amp;apos;)">
      <![CDATA[java.lang.ClassCastException: class jdk.proxy2.$Proxy13 cannot be cast to class java.util.List (jdk.proxy2.$Proxy13 is in module jdk.proxy2 of loader 'app'; java.util.List is in module java.base of loader 'bootstrap')
at com.qa.testscripts.GoogleSearch.search(GoogleSearch.java:21)
at java.base/java.util.concurrent.ThreadPoolExecutor.runWorker(ThreadPoolExecutor.java:1136)
at java.base/java.util.concurrent.ThreadPoolExecutor$Worker.run(ThreadPoolExecutor.java:635)
at java.base/java.lang.Thread.run(Thread.java:833)
... Removed 12 stack frames]]>
    </failure>
  </testcase> <!-- search -->
</testsuite> <!-- Test -->
